Determining if the pthread_create exist failed with the following output:
Change Dir: /home/nico/Vision/SLAM/ORB_official/ORB_SLAM2/Examples/ROS/ORB_SLAM2/build/CMakeFiles/CMakeTmp

Run Build Command:/usr/bin/make "cmTryCompileExec889969557/fast"
/usr/bin/make -f CMakeFiles/cmTryCompileExec889969557.dir/build.make CMakeFiles/cmTryCompileExec889969557.dir/build
make[1]: Entering directory `/home/nico/Vision/SLAM/ORB_official/ORB_SLAM2/Examples/ROS/ORB_SLAM2/build/CMakeFiles/CMakeTmp'
/usr/bin/cmake -E cmake_progress_report /home/nico/Vision/SLAM/ORB_official/ORB_SLAM2/Examples/ROS/ORB_SLAM2/build/CMakeFiles/CMakeTmp/CMakeFiles 1
Building C object CMakeFiles/cmTryCompileExec889969557.dir/CheckSymbolExists.c.o
/usr/bin/cc    -o CMakeFiles/cmTryCompileExec889969557.dir/CheckSymbolExists.c.o   -c /home/nico/Vision/SLAM/ORB_official/ORB_SLAM2/Examples/ROS/ORB_SLAM2/build/CMakeFiles/CMakeTmp/CheckSymbolExists.c
Linking C executable cmTryCompileExec889969557
/usr/bin/cmake -E cmake_link_script CMakeFiles/cmTryCompileExec889969557.dir/link.txt --verbose=1
/usr/bin/cc       CMakeFiles/cmTryCompileExec889969557.dir/CheckSymbolExists.c.o  -o cmTryCompileExec889969557 -rdynamic 
CMakeFiles/cmTryCompileExec889969557.dir/CheckSymbolExists.c.o: In function `main':
CheckSymbolExists.c:(.text+0x16): undefined reference to `pthread_create'
collect2: error: ld returned 1 exit status
make[1]: *** [cmTryCompileExec889969557] Error 1
make[1]: Leaving directory `/home/nico/Vision/SLAM/ORB_official/ORB_SLAM2/Examples/ROS/ORB_SLAM2/build/CMakeFiles/CMakeTmp'
make: *** [cmTryCompileExec889969557/fast] Error 2

File /home/nico/Vision/SLAM/ORB_official/ORB_SLAM2/Examples/ROS/ORB_SLAM2/build/CMakeFiles/CMakeTmp/CheckSymbolExists.c:
/* */
#include <pthread.h>

int main(int argc, char** argv)
{
  (void)argv;
#ifndef pthread_create
  return ((int*)(&pthread_create))[argc];
#else
  (void)argc;
  return 0;
#endif
}

Determining if the function pthread_create exists in the pthreads failed with the following output:
Change Dir: /home/nico/Vision/SLAM/ORB_official/ORB_SLAM2/Examples/ROS/ORB_SLAM2/build/CMakeFiles/CMakeTmp

Run Build Command:/usr/bin/make "cmTryCompileExec1103184111/fast"
/usr/bin/make -f CMakeFiles/cmTryCompileExec1103184111.dir/build.make CMakeFiles/cmTryCompileExec1103184111.dir/build
make[1]: Entering directory `/home/nico/Vision/SLAM/ORB_official/ORB_SLAM2/Examples/ROS/ORB_SLAM2/build/CMakeFiles/CMakeTmp'
/usr/bin/cmake -E cmake_progress_report /home/nico/Vision/SLAM/ORB_official/ORB_SLAM2/Examples/ROS/ORB_SLAM2/build/CMakeFiles/CMakeTmp/CMakeFiles 1
Building C object CMakeFiles/cmTryCompileExec1103184111.dir/CheckFunctionExists.c.o
/usr/bin/cc   -DCHECK_FUNCTION_EXISTS=pthread_create   -o CMakeFiles/cmTryCompileExec1103184111.dir/CheckFunctionExists.c.o   -c /usr/share/cmake-2.8/Modules/CheckFunctionExists.c
Linking C executable cmTryCompileExec1103184111
/usr/bin/cmake -E cmake_link_script CMakeFiles/cmTryCompileExec1103184111.dir/link.txt --verbose=1
/usr/bin/cc   -DCHECK_FUNCTION_EXISTS=pthread_create    CMakeFiles/cmTryCompileExec1103184111.dir/CheckFunctionExists.c.o  -o cmTryCompileExec1103184111 -rdynamic -lpthreads 
/usr/bin/ld: cannot find -lpthreads
collect2: error: ld returned 1 exit status
make[1]: *** [cmTryCompileExec1103184111] Error 1
make[1]: Leaving directory `/home/nico/Vision/SLAM/ORB_official/ORB_SLAM2/Examples/ROS/ORB_SLAM2/build/CMakeFiles/CMakeTmp'
make: *** [cmTryCompileExec1103184111/fast] Error 2


